<?xml version="1.0" encoding="UTF-8"?>
<testsuite xmlns:xsi="http://www.w3.org/2001/XMLSchema-instance" xsi:noNamespaceSchemaLocation="https://maven.apache.org/surefire/maven-surefire-plugin/xsd/surefire-test-report.xsd" version="3.0.2" name="TestSuite" time="22.135" tests="2" errors="0" skipped="0" failures="0">
  <properties>
[...]
</properties>
  <testcase name="verifyRegistration" classname="testCases.TC001_UserRegistration" time="1.772">
    <system-out><![CDATA[2025-10-21T06:43:47.726381100Z main DEBUG Apache Log4j Core 2.23 initializing configuration XmlConfiguration[location=C:\Users\2303544\newEclipseworkspace\TutorialNunja\target\test-classes\log4j2.xml]
2025-10-21T06:43:47.730393300Z main DEBUG PluginManager 'Core' found 131 plugins
2025-10-21T06:43:47.730393300Z main DEBUG PluginManager 'Level' found 0 plugins
2025-10-21T06:43:47.736262500Z main DEBUG Building Plugin[name=property, class=org.apache.logging.log4j.core.config.Property].
2025-10-21T06:43:47.749382700Z main DEBUG PluginManager 'TypeConverter' found 26 plugins
2025-10-21T06:43:47.762538300Z main DEBUG createProperty(name="log-path", value="./logs", Configuration(C:\Users\2303544\newEclipseworkspace\TutorialNunja\target\test-classes\log4j2.xml))
2025-10-21T06:43:47.763528Z main DEBUG Building Plugin[name=properties, class=org.apache.logging.log4j.core.config.PropertiesPlugin].
2025-10-21T06:43:47.766525800Z main DEBUG configureSubstitutor(={log-path=./logs}, Configuration(C:\Users\2303544\newEclipseworkspace\TutorialNunja\target\test-classes\log4j2.xml))
2025-10-21T06:43:47.770528600Z main DEBUG PluginManager 'Lookup' found 16 plugins
2025-10-21T06:43:47.770528600Z main DEBUG Building Plugin[name=layout, class=org.apache.logging.log4j.core.layout.PatternLayout].
2025-10-21T06:43:47.782687500Z main DEBUG PatternLayout$Builder(pattern="%d{HH:mm:ss.SSS} [%t] %-5level %logger{36} - %msg%n", PatternSelector=null, Configuration(C:\Users\2303544\newEclipseworkspace\TutorialNunja\target\test-classes\log4j2.xml), Replace=null, charset="null", alwaysWriteExceptions="null", disableAnsi="null", noConsoleNoAnsi="null", header="null", footer="null")
2025-10-21T06:43:47.783293900Z main DEBUG PluginManager 'Converter' found 45 plugins
2025-10-21T06:43:47.783293900Z main DEBUG Building Plugin[name=SizeBasedTriggeringPolicy, class=org.apache.logging.log4j.core.appender.rolling.SizeBasedTriggeringPolicy].
2025-10-21T06:43:47.788446800Z main DEBUG createPolicy(size="5000")
2025-10-21T06:43:47.790437900Z main DEBUG Building Plugin[name=appender, class=org.apache.logging.log4j.core.appender.RollingFileAppender].
2025-10-21T06:43:47.797447100Z main DEBUG RollingFileAppender$Builder(fileName="./logs/automation.log", filePattern="./logs/automation-%d{yyyy-MM-dd}", append="null", locking="null", SizeBasedTriggeringPolicy(SizeBasedTriggeringPolicy(size=5000)), Strategy=null, advertise="null", advertiseUri="null", createOnDemand="null", filePermissions="null", fileOwner="null", fileGroup="null", bufferedIo="null", bufferSize="null", immediateFlush="null", ignoreExceptions="null", PatternLayout(%d{HH:mm:ss.SSS} [%t] %-5level %logger{36} - %msg%n), name="File", Configuration(C:\Users\2303544\newEclipseworkspace\TutorialNunja\target\test-classes\log4j2.xml), Filter=null, ={})
2025-10-21T06:43:47.804431600Z main DEBUG Returning file creation time for C:\Users\2303544\newEclipseworkspace\TutorialNunja\.\logs\automation.log
2025-10-21T06:43:47.804431600Z main DEBUG Starting RollingFileManager ./logs/automation.log
2025-10-21T06:43:47.805447800Z main DEBUG PluginManager 'FileConverter' found 2 plugins
2025-10-21T06:43:47.814314900Z main DEBUG Setting prev file time to 2025-10-21T12:08:43.772+0530
2025-10-21T06:43:47.814314900Z main DEBUG Initializing triggering policy SizeBasedTriggeringPolicy(size=5000)
2025-10-21T06:43:47.814314900Z main DEBUG Building Plugin[name=appenders, class=org.apache.logging.log4j.core.config.AppendersPlugin].
2025-10-21T06:43:47.815795100Z main DEBUG createAppenders(={File})
2025-10-21T06:43:47.815795100Z main DEBUG Building Plugin[name=AppenderRef, class=org.apache.logging.log4j.core.config.AppenderRef].
2025-10-21T06:43:47.815795100Z main DEBUG createAppenderRef(ref="File", level="null", Filter=null)
2025-10-21T06:43:47.817700Z main DEBUG Building Plugin[name=root, class=org.apache.logging.log4j.core.config.LoggerConfig$RootLogger].
2025-10-21T06:43:47.820824500Z main DEBUG LoggerConfig$RootLogger$Builder(additivity="null", level="ALL", levelAndRefs="null", includeLocation="null", ={File}, ={}, Configuration(C:\Users\2303544\newEclipseworkspace\TutorialNunja\target\test-classes\log4j2.xml), Filter=null)
2025-10-21T06:43:47.822817500Z main DEBUG Building Plugin[name=loggers, class=org.apache.logging.log4j.core.config.LoggersPlugin].
2025-10-21T06:43:47.824830200Z main DEBUG createLoggers(={root})
2025-10-21T06:43:47.825815200Z main DEBUG Configuration XmlConfiguration[location=C:\Users\2303544\newEclipseworkspace\TutorialNunja\target\test-classes\log4j2.xml] initialized
2025-10-21T06:43:47.825815200Z main DEBUG Starting configuration XmlConfiguration[location=C:\Users\2303544\newEclipseworkspace\TutorialNunja\target\test-classes\log4j2.xml]
2025-10-21T06:43:47.825815200Z main DEBUG Started configuration XmlConfiguration[location=C:\Users\2303544\newEclipseworkspace\TutorialNunja\target\test-classes\log4j2.xml] OK.
2025-10-21T06:43:47.826816100Z main DEBUG Shutting down OutputStreamManager SYSTEM_OUT.false.false-1
2025-10-21T06:43:47.826816100Z main DEBUG OutputStream closed
2025-10-21T06:43:47.826816100Z main DEBUG Shut down OutputStreamManager SYSTEM_OUT.false.false-1, all resources released: true
2025-10-21T06:43:47.826816100Z main DEBUG Appender DefaultConsole-1 stopped with status true
2025-10-21T06:43:47.826816100Z main DEBUG Stopped org.apache.logging.log4j.core.config.DefaultConfiguration@39529185 OK
2025-10-21T06:43:47.943039100Z main DEBUG Registering MBean org.apache.logging.log4j2:type=70dea4e
2025-10-21T06:43:47.946040400Z main DEBUG Registering MBean org.apache.logging.log4j2:type=70dea4e,component=StatusLogger
2025-10-21T06:43:47.949039300Z main DEBUG Registering MBean org.apache.logging.log4j2:type=70dea4e,component=ContextSelector
2025-10-21T06:43:47.954098700Z main DEBUG Registering MBean org.apache.logging.log4j2:type=70dea4e,component=Loggers,name=
2025-10-21T06:43:47.957093100Z main DEBUG Registering MBean org.apache.logging.log4j2:type=70dea4e,component=Appenders,name=File
2025-10-21T06:43:47.963162Z main DEBUG org.apache.logging.log4j.core.util.SystemClock supports precise timestamps.
2025-10-21T06:43:47.963162Z main DEBUG Reconfiguration complete for context[name=70dea4e] at URI C:\Users\2303544\newEclipseworkspace\TutorialNunja\target\test-classes\log4j2.xml (org.apache.logging.log4j.core.LoggerContext@f627d13) with optional ClassLoader: null
2025-10-21T06:43:47.964155100Z main DEBUG Shutdown hook enabled. Registering a new one.
2025-10-21T06:43:47.968114Z main DEBUG LoggerContext[name=70dea4e, org.apache.logging.log4j.core.LoggerContext@f627d13] started OK.
2025-10-21T06:43:48.285403500Z main DEBUG Formatting file name. useCurrentTime=false. currentFileTime=0, prevFileTime=0
2025-10-21T06:43:48.286418300Z main DEBUG Eligible files: {}
2025-10-21T06:43:48.287384900Z main DEBUG Formatting file name. useCurrentTime=false. currentFileTime=0, prevFileTime=0
2025-10-21T06:43:48.288398100Z main DEBUG OutputStream closed
2025-10-21T06:43:48.289395Z main DEBUG RollingFileManager executing synchronous FileRenameAction[.\logs\automation.log to .\logs\automation-2025-10-21, renameEmptyFiles=false]
2025-10-21T06:43:48.293386800Z main DEBUG Now writing to ./logs/automation.log at 2025-10-21T12:13:48.292+0530
mail- KtCTS@gmail.com password- 1Vsf7FPz@
]]></system-out>
    <system-err><![CDATA[Oct 21, 2025 12:13:51 PM org.openqa.selenium.manager.SeleniumManager lambda$runCommand$1
WARNING: There was an error managing msedgedriver (error sending request for url (https://msedgedriver.azureedge.net/LATEST_RELEASE_141_WINDOWS)); using driver found in the cache
Oct 21, 2025 12:13:54 PM org.openqa.selenium.devtools.CdpVersionFinder findNearestMatch
WARNING: Unable to find CDP implementation matching 141
Oct 21, 2025 12:13:54 PM org.openqa.selenium.chromium.ChromiumDriver lambda$new$5
WARNING: Unable to find version of CDP to use for 141.0.3537.85. You may need to include a dependency on a specific version of the CDP using something similar to `org.seleniumhq.selenium:selenium-devtools-v86:4.20.0` where the version ("v86") matches the version of the chromium-based browser you're using and the version number of the artifact is the same as Selenium's.
Oct 21, 2025 12:13:58 PM org.openqa.selenium.devtools.CdpVersionFinder findNearestMatch
WARNING: Unable to find CDP implementation matching 140
Oct 21, 2025 12:13:58 PM org.openqa.selenium.chromium.ChromiumDriver lambda$new$5
WARNING: Unable to find version of CDP to use for 140.0.7339.186. You may need to include a dependency on a specific version of the CDP using something similar to `org.seleniumhq.selenium:selenium-devtools-v86:4.20.0` where the version ("v86") matches the version of the chromium-based browser you're using and the version number of the artifact is the same as Selenium's.
]]></system-err>
  </testcase>
  <testcase name="verifyRegistration" classname="testCases.TC001_UserRegistration" time="4.163">
    <system-out><![CDATA[mail- VrrLs@gmail.com password- Hvoe5Vxc@
]]></system-out>
  </testcase>
</testsuite>