<?xml version="1.0" encoding="UTF-8"?>
<testng-results ignored="0" total="2" passed="2" failed="0" skipped="0">
  <reporter-output>
  </reporter-output>
  <suite started-at="2025-10-21T12:13:48 IST" name="Suite" finished-at="2025-10-21T12:14:08 IST" duration-ms="19881">
    <groups>
      <group name="Regression">
        <method signature="TC001_UserRegistration.verifyRegistration()[pri:1, instance:testCases.TC001_UserRegistration@d3957fe]" name="verifyRegistration" class="testCases.TC001_UserRegistration"/>
        <method signature="TC001_UserRegistration.verifyRegistration()[pri:1, instance:testCases.TC001_UserRegistration@a43ce46]" name="verifyRegistration" class="testCases.TC001_UserRegistration"/>
      </group> <!-- Regression -->
    </groups>
    <test started-at="2025-10-21T12:13:48 IST" name="edgeTest" finished-at="2025-10-21T12:14:06 IST" duration-ms="18595">
      <class name="testCases.TC001_UserRegistration">
        <test-method is-config="true" signature="setup(java.lang.String)[pri:0, instance:testCases.TC001_UserRegistration@a43ce46]" started-at="2025-10-21T12:13:48 IST" name="setup" finished-at="2025-10-21T12:13:59 IST" duration-ms="11020" status="PASS">
          <params>
            <param index="0">
              <value>
                <![CDATA[MicrosoftEdge]]>
              </value>
            </param>
          </params>
          <reporter-output>
          </reporter-output>
        </test-method> <!-- setup -->
        <test-method signature="verifyRegistration()[pri:1, instance:testCases.TC001_UserRegistration@a43ce46]" started-at="2025-10-21T12:13:59 IST" name="verifyRegistration" finished-at="2025-10-21T12:14:03 IST" duration-ms="4048" status="PASS">
          <reporter-output>
          </reporter-output>
        </test-method> <!-- verifyRegistration -->
        <test-method is-config="true" signature="tearDown()[pri:0, instance:testCases.TC001_UserRegistration@a43ce46]" started-at="2025-10-21T12:14:03 IST" name="tearDown" finished-at="2025-10-21T12:14:06 IST" duration-ms="3187" status="PASS">
          <reporter-output>
          </reporter-output>
        </test-method> <!-- tearDown -->
      </class> <!-- testCases.TC001_UserRegistration -->
    </test> <!-- edgeTest -->
    <test started-at="2025-10-21T12:13:48 IST" name="chromeTest" finished-at="2025-10-21T12:14:08 IST" duration-ms="19881">
      <class name="testCases.TC001_UserRegistration">
        <test-method is-config="true" signature="setup(java.lang.String)[pri:0, instance:testCases.TC001_UserRegistration@d3957fe]" started-at="2025-10-21T12:13:48 IST" name="setup" finished-at="2025-10-21T12:14:01 IST" duration-ms="13352" status="PASS">
          <params>
            <param index="0">
              <value>
                <![CDATA[chrome]]>
              </value>
            </param>
          </params>
          <reporter-output>
          </reporter-output>
        </test-method> <!-- setup -->
        <test-method signature="verifyRegistration()[pri:1, instance:testCases.TC001_UserRegistration@d3957fe]" started-at="2025-10-21T12:14:01 IST" name="verifyRegistration" finished-at="2025-10-21T12:14:06 IST" duration-ms="4160" status="PASS">
          <reporter-output>
          </reporter-output>
        </test-method> <!-- verifyRegistration -->
        <test-method is-config="true" signature="tearDown()[pri:0, instance:testCases.TC001_UserRegistration@d3957fe]" started-at="2025-10-21T12:14:06 IST" name="tearDown" finished-at="2025-10-21T12:14:08 IST" duration-ms="2089" status="PASS">
          <reporter-output>
          </reporter-output>
        </test-method> <!-- tearDown -->
      </class> <!-- testCases.TC001_UserRegistration -->
    </test> <!-- chromeTest -->
  </suite> <!-- Suite -->
</testng-results>
