<?xml version="1.0" encoding="UTF-8"?>
<testng-results ignored="0" total="2" passed="2" failed="0" skipped="0">
  <reporter-output>
  </reporter-output>
  <suite started-at="2025-10-21T12:21:27 IST" name="Suite" finished-at="2025-10-21T12:21:48 IST" duration-ms="20128">
    <groups>
      <group name="Regression">
        <method signature="TC001_UserRegistration.verifyRegistration()[pri:1, instance:testCases.TC001_UserRegistration@5733f295]" name="verifyRegistration" class="testCases.TC001_UserRegistration"/>
        <method signature="TC001_UserRegistration.verifyRegistration()[pri:1, instance:testCases.TC001_UserRegistration@278bb07e]" name="verifyRegistration" class="testCases.TC001_UserRegistration"/>
      </group> <!-- Regression -->
    </groups>
    <test started-at="2025-10-21T12:21:27 IST" name="edgeTest" finished-at="2025-10-21T12:21:48 IST" duration-ms="20128">
      <class name="testCases.TC001_UserRegistration">
        <test-method is-config="true" signature="setup(java.lang.String)[pri:0, instance:testCases.TC001_UserRegistration@278bb07e]" started-at="2025-10-21T12:21:28 IST" name="setup" finished-at="2025-10-21T12:21:40 IST" duration-ms="12306" status="PASS">
          <params>
            <param index="0">
              <value>
                <![CDATA[MicrosoftEdge]]>
              </value>
            </param>
          </params>
          <reporter-output>
          </reporter-output>
        </test-method> <!-- setup -->
        <test-method signature="verifyRegistration()[pri:1, instance:testCases.TC001_UserRegistration@278bb07e]" started-at="2025-10-21T12:21:40 IST" name="verifyRegistration" finished-at="2025-10-21T12:21:45 IST" duration-ms="4664" status="PASS">
          <reporter-output>
          </reporter-output>
        </test-method> <!-- verifyRegistration -->
        <test-method is-config="true" signature="tearDown()[pri:0, instance:testCases.TC001_UserRegistration@278bb07e]" started-at="2025-10-21T12:21:45 IST" name="tearDown" finished-at="2025-10-21T12:21:48 IST" duration-ms="2955" status="PASS">
          <reporter-output>
          </reporter-output>
        </test-method> <!-- tearDown -->
      </class> <!-- testCases.TC001_UserRegistration -->
    </test> <!-- edgeTest -->
    <test started-at="2025-10-21T12:21:27 IST" name="chromeTest" finished-at="2025-10-21T12:21:47 IST" duration-ms="19475">
      <class name="testCases.TC001_UserRegistration">
        <test-method is-config="true" signature="setup(java.lang.String)[pri:0, instance:testCases.TC001_UserRegistration@5733f295]" started-at="2025-10-21T12:21:28 IST" name="setup" finished-at="2025-10-21T12:21:39 IST" duration-ms="11294" status="PASS">
          <params>
            <param index="0">
              <value>
                <![CDATA[chrome]]>
              </value>
            </param>
          </params>
          <reporter-output>
          </reporter-output>
        </test-method> <!-- setup -->
        <test-method signature="verifyRegistration()[pri:1, instance:testCases.TC001_UserRegistration@5733f295]" started-at="2025-10-21T12:21:39 IST" name="verifyRegistration" finished-at="2025-10-21T12:21:44 IST" duration-ms="4674" status="PASS">
          <reporter-output>
          </reporter-output>
        </test-method> <!-- verifyRegistration -->
        <test-method is-config="true" signature="tearDown()[pri:0, instance:testCases.TC001_UserRegistration@5733f295]" started-at="2025-10-21T12:21:44 IST" name="tearDown" finished-at="2025-10-21T12:21:47 IST" duration-ms="3230" status="PASS">
          <reporter-output>
          </reporter-output>
        </test-method> <!-- tearDown -->
      </class> <!-- testCases.TC001_UserRegistration -->
    </test> <!-- chromeTest -->
  </suite> <!-- Suite -->
</testng-results>
